🔍 ToggleElementVisibility - #emptyState, show: true, element found: true importa-di-complete.js:151:17
✅ Showing element #emptyState, removing expertzy-hidden class importa-di-complete.js:159:21
✅ Aplicação iniciada com sucesso importa-di-complete.js:890:17
🔍 ToggleElementVisibility - #configSection, show: true, element found: true importa-di-complete.js:151:17
✅ Showing element #configSection, removing expertzy-hidden class importa-di-complete.js:159:21
🔍 ToggleElementVisibility - errorContainer, show: false, element found: true importa-di-complete.js:151:17
🔽 Hiding element errorContainer, adding expertzy-hidden class importa-di-complete.js:166:21
📊 Custos calculados: 
Object { cabecalho: {…}, importador: {…}, carga: {…}, valores: {…}, adicoes: (16) […], tributos: {…}, informacaoComplementar: "NR. REFERENCIA....: UP2208C\nNOME DO FORNECEDOR: INTERNATION UNIT POWER LIMITED\nINVOICE NR........: UP2208C\nPACKING LIST NR...: S/N\nHBL...............: SUDUN2NGB019723A\nDATA DE CHEGADA...: 11/12/2022\nDTA...............: 22/05875099\nCEMERCANTE........: 152205304465412\n1241 CAIXAS DE PAPELÃO, CONTENDO PEÇAS PARA MOTOS DIVERSAS\nCONTAINER. SUDU6183973 - PESO BRUTO 25.952,710\n-----------------------------------------------------------------\n***RESPONSAVEL LEGAL AUTORIZADO A INTERVIR NA DI***\nRICARDO DE SOUZA CARVALHO CPF: 256.160.678-30\nALESSANDRO DE SOUZA MELO - CPF 533.399.081-68\n-----------------------------------------------------------------\n***TAXA DE CONVERSAO DE CAMBIO***\nFOB (DOLAR ESTADOS UNIDOS)..: 5,2177\nFRETE(DOLAR ESTADOS UNIDOS): 5,2177\n-----------------------------------------------------------------\n***TAXA DE UTILIZACAO DO SISCOMEX***.....: R$ 493,56\n-----------------------------------------------------------------\n***TOTAIS DA DI***\nFOB...............: USD$ 105.733,13 / R$ 551.683,75\nFRETE............: USD$ 2.651,00 / R$ 13.832,12\nVALOR ADUANEIRO.: USD$ 108.384,13 / R$ 565.515,87\n--------------------------------------------------------------------\nIMPOSTOS.:\nI.I. --- R$ 79.185,09\nI.P.I. --- R$ 33.320,00\nPIS --- R$ 14.050,41\nCOFINS --- R$ 67.648,25\n*************************************************************************************\nAFRMM - R$ 1.256,77", configuracaoCustos: {…} }
importa-di-complete.js:1057:13
🔍 Validação: 
Object { "Custo Total Calculado": 644695.6, "Valor Esperado": 644695.6, "Diferença": 0, "% Diferença": 0, Status: "OK", "Configuração": "Frete: Embutido, Seguro: Separado" }
importa-di-complete.js:1072:13
🔍 ToggleElementVisibility - #emptyState, show: false, element found: true importa-di-complete.js:151:17
🔽 Hiding element #emptyState, adding expertzy-hidden class importa-di-complete.js:166:21
🔍 ShowResultsSection - showing results section importa-di-complete.js:1435:13
resultsSection element: 
<section id="resultsSection" class="results-section expertzy-hidden">
importa-di-complete.js:1439:13
resultsSection classes before: results-section expertzy-hidden importa-di-complete.js:1440:13
🔍 ToggleElementVisibility - #resultsSection, show: true, element found: true importa-di-complete.js:151:17
✅ Showing element #resultsSection, removing expertzy-hidden class importa-di-complete.js:159:21
🔍 ToggleElementVisibility - #exportSection, show: true, element found: true importa-di-complete.js:151:17
✅ Showing element #exportSection, removing expertzy-hidden class importa-di-complete.js:159:21
resultsSection classes after: results-section importa-di-complete.js:1445:13
🔍 PopulateResultsTable - currentDIData: 
Object { cabecalho: {…}, importador: {…}, carga: {…}, valores: {…}, adicoes: (16) […], tributos: {…}, informacaoComplementar: "NR. REFERENCIA....: UP2208C\nNOME DO FORNECEDOR: INTERNATION UNIT POWER LIMITED\nINVOICE NR........: UP2208C\nPACKING LIST NR...: S/N\nHBL...............: SUDUN2NGB019723A\nDATA DE CHEGADA...: 11/12/2022\nDTA...............: 22/05875099\nCEMERCANTE........: 152205304465412\n1241 CAIXAS DE PAPELÃO, CONTENDO PEÇAS PARA MOTOS DIVERSAS\nCONTAINER. SUDU6183973 - PESO BRUTO 25.952,710\n-----------------------------------------------------------------\n***RESPONSAVEL LEGAL AUTORIZADO A INTERVIR NA DI***\nRICARDO DE SOUZA CARVALHO CPF: 256.160.678-30\nALESSANDRO DE SOUZA MELO - CPF 533.399.081-68\n-----------------------------------------------------------------\n***TAXA DE CONVERSAO DE CAMBIO***\nFOB (DOLAR ESTADOS UNIDOS)..: 5,2177\nFRETE(DOLAR ESTADOS UNIDOS): 5,2177\n-----------------------------------------------------------------\n***TAXA DE UTILIZACAO DO SISCOMEX***.....: R$ 493,56\n-----------------------------------------------------------------\n***TOTAIS DA DI***\nFOB...............: USD$ 105.733,13 / R$ 551.683,75\nFRETE............: USD$ 2.651,00 / R$ 13.832,12\nVALOR ADUANEIRO.: USD$ 108.384,13 / R$ 565.515,87\n--------------------------------------------------------------------\nIMPOSTOS.:\nI.I. --- R$ 79.185,09\nI.P.I. --- R$ 33.320,00\nPIS --- R$ 14.050,41\nCOFINS --- R$ 67.648,25\n*************************************************************************************\nAFRMM - R$ 1.256,77", configuracaoCustos: {…} }
importa-di-complete.js:1144:13
✅ Found 16 adições importa-di-complete.js:1157:13
🔄 Creating row for adição 0: 001 importa-di-complete.js:1169:17
🔄 Creating row for adição 1: 002 importa-di-complete.js:1169:17
🔄 Creating row for adição 2: 003 importa-di-complete.js:1169:17
🔄 Creating row for adição 3: 004 importa-di-complete.js:1169:17
🔄 Creating row for adição 4: 005 importa-di-complete.js:1169:17
🔄 Creating row for adição 5: 006 importa-di-complete.js:1169:17
🔄 Creating row for adição 6: 007 importa-di-complete.js:1169:17
🔄 Creating row for adição 7: 008 importa-di-complete.js:1169:17
🔄 Creating row for adição 8: 009 importa-di-complete.js:1169:17
🔄 Creating row for adição 9: 010 importa-di-complete.js:1169:17
🔄 Creating row for adição 10: 011 importa-di-complete.js:1169:17
🔄 Creating row for adição 11: 012 importa-di-complete.js:1169:17
🔄 Creating row for adição 12: 013 importa-di-complete.js:1169:17
🔄 Creating row for adição 13: 014 importa-di-complete.js:1169:17
🔄 Creating row for adição 14: 015 importa-di-complete.js:1169:17
🔄 Creating row for adição 15: 016 importa-di-complete.js:1169:17
✅ Table populated successfully importa-di-complete.js:1174:13
